2025-04-08 14:09:30,250 - __main__ - INFO - Starting Modbus server on 0.0.0.0:502
2025-04-08 14:09:30,251 - __main__ - ERROR - Server error: asyncio.run() cannot be called from a running event loop
2025-04-08 14:09:30,260 - __main__ - INFO - Server stopped.
2025-04-08 14:09:30,260 - __main__ - INFO - Server stopped.
2025-04-08 14:09:48,989 - __main__ - INFO - Starting Modbus server on 0.0.0.0:502
2025-04-08 14:09:48,989 - __main__ - ERROR - Server error: asyncio.run() cannot be called from a running event loop
2025-04-08 14:09:48,991 - __main__ - INFO - Server stopped.
2025-04-08 14:09:48,991 - __main__ - INFO - Server stopped.
2025-04-08 14:35:52,529 - __main__ - INFO - Starting Modbus server on 0.0.0.0:502
2025-04-08 14:35:52,529 - __main__ - ERROR - Server error: asyncio.run() cannot be called from a running event loop
2025-04-08 14:35:52,531 - __main__ - INFO - Server stopped.
2025-04-08 14:35:52,531 - __main__ - INFO - Server stopped.
2025-04-08 14:39:38,061 - __main__ - INFO - Starting Modbus server on 0.0.0.0:502
2025-04-08 14:39:38,062 - __main__ - ERROR - Server error: name 'StartTcpServer' is not defined
2025-04-08 14:39:38,062 - __main__ - INFO - Server stopped.
2025-04-08 14:39:38,062 - __main__ - INFO - Server stopped.
2025-04-08 14:40:01,704 - __main__ - INFO - Starting Modbus server on 0.0.0.0:502
2025-04-08 14:40:01,704 - __main__ - ERROR - Server error: asyncio.run() cannot be called from a running event loop
2025-04-08 14:40:01,706 - __main__ - INFO - Server stopped.
2025-04-08 14:40:01,706 - __main__ - INFO - Server stopped.
2025-04-08 14:40:38,498 - __main__ - INFO - Starting Modbus server on 0.0.0.0:502
2025-04-08 14:40:38,499 - pymodbus.logging - WARNING - Failed to start server [Errno 13] error while attempting to bind on address ('0.0.0.0', 502): [errno 13] permission denied
2025-04-08 14:40:38,499 - pymodbus.logging - INFO - Server listening.
2025-04-08 14:40:48,706 - __main__ - INFO - Received signal 2, shutting down...
2025-04-08 14:41:01,494 - __main__ - INFO - Received signal 2, shutting down...
2025-04-08 14:41:01,791 - __main__ - INFO - Received signal 2, shutting down...
2025-04-08 14:41:02,121 - __main__ - INFO - Received signal 2, shutting down...
2025-04-08 14:41:09,874 - __main__ - INFO - Received signal 2, shutting down...
2025-04-08 14:41:39,398 - __main__ - INFO - Received signal 2, shutting down...
2025-04-08 14:41:39,898 - __main__ - INFO - Received signal 2, shutting down...
2025-04-08 14:41:39,939 - __main__ - INFO - Received signal 2, shutting down...
2025-04-08 14:41:39,969 - __main__ - INFO - Received signal 2, shutting down...
2025-04-08 14:41:39,988 - __main__ - INFO - Received signal 2, shutting down...
2025-04-08 14:41:40,018 - __main__ - INFO - Received signal 2, shutting down...
2025-04-08 14:41:40,049 - __main__ - INFO - Received signal 2, shutting down...
2025-04-08 14:41:40,082 - __main__ - INFO - Received signal 2, shutting down...
2025-04-08 14:41:40,114 - __main__ - INFO - Received signal 2, shutting down...
2025-04-08 14:41:40,146 - __main__ - INFO - Received signal 2, shutting down...
2025-04-08 14:41:40,180 - __main__ - INFO - Received signal 2, shutting down...
2025-04-08 14:42:24,715 - __main__ - INFO - Received signal 2, shutting down...
2025-04-08 14:42:26,482 - __main__ - INFO - Received signal 2, shutting down...
2025-04-08 14:42:26,797 - __main__ - INFO - Received signal 2, shutting down...
2025-04-08 14:42:27,035 - __main__ - INFO - Received signal 2, shutting down...
2025-04-08 14:42:27,277 - __main__ - INFO - Received signal 2, shutting down...
2025-04-08 14:42:27,503 - __main__ - INFO - Received signal 2, shutting down...
2025-04-08 14:42:27,727 - __main__ - INFO - Received signal 2, shutting down...
2025-04-08 14:42:27,942 - __main__ - INFO - Received signal 2, shutting down...
2025-04-08 14:42:28,199 - __main__ - INFO - Received signal 2, shutting down...
2025-04-08 14:43:40,573 - __main__ - INFO - Starting Modbus server on 0.0.0.0:502
2025-04-08 14:43:40,574 - pymodbus.logging - WARNING - Failed to start server [Errno 13] error while attempting to bind on address ('0.0.0.0', 502): [errno 13] permission denied
2025-04-08 14:43:40,574 - pymodbus.logging - INFO - Server listening.
2025-04-08 14:43:47,078 - __main__ - INFO - Received signal 2, shutting down...
2025-04-08 14:45:12,461 - __main__ - INFO - Starting Modbus server on localhost:5020
2025-04-08 14:45:12,472 - pymodbus.logging - INFO - Server listening.
2025-04-08 14:45:43,184 - __main__ - INFO - Received signal 2, shutting down...
2025-04-08 14:45:56,920 - __main__ - INFO - Received signal 2, shutting down...
2025-04-08 14:45:57,210 - __main__ - INFO - Received signal 2, shutting down...
2025-04-08 14:45:57,458 - __main__ - INFO - Received signal 2, shutting down...
2025-04-08 14:45:57,717 - __main__ - INFO - Received signal 2, shutting down...
2025-04-08 14:45:57,967 - __main__ - INFO - Received signal 2, shutting down...
2025-04-08 14:47:52,841 - __main__ - INFO - Starting Modbus server on localhost:5020
2025-04-08 14:47:52,845 - pymodbus.logging - INFO - Server listening.
2025-04-08 14:47:58,210 - __main__ - INFO - Shutdown signal received, stopping server...
2025-04-08 14:47:58,210 - __main__ - INFO - Shutting down...
2025-04-08 14:47:58,210 - __main__ - INFO - Server stopped.
2025-04-08 14:48:03,667 - __main__ - INFO - Shutdown signal received, stopping server...
2025-04-08 14:48:03,667 - __main__ - INFO - Shutting down...
2025-04-08 14:48:03,668 - __main__ - INFO - Server stopped.
2025-04-08 14:48:03,941 - __main__ - INFO - Shutdown signal received, stopping server...
2025-04-08 14:48:03,942 - __main__ - INFO - Shutting down...
2025-04-08 14:48:03,942 - __main__ - INFO - Server stopped.
2025-04-08 14:48:04,236 - __main__ - INFO - Shutdown signal received, stopping server...
2025-04-08 14:48:04,237 - __main__ - INFO - Shutting down...
2025-04-08 14:48:04,237 - __main__ - INFO - Server stopped.
2025-04-08 14:48:04,567 - __main__ - INFO - Shutdown signal received, stopping server...
2025-04-08 14:48:04,568 - __main__ - INFO - Shutting down...
2025-04-08 14:48:04,568 - __main__ - INFO - Server stopped.
2025-04-08 14:48:52,437 - __main__ - INFO - Shutdown signal received, stopping server...
2025-04-08 14:48:52,437 - __main__ - INFO - Shutting down...
2025-04-08 14:48:52,437 - __main__ - INFO - Server stopped.
2025-04-08 14:48:52,938 - __main__ - INFO - Shutdown signal received, stopping server...
2025-04-08 14:48:52,938 - __main__ - INFO - Shutting down...
2025-04-08 14:48:52,938 - __main__ - INFO - Server stopped.
2025-04-08 14:48:52,971 - __main__ - INFO - Shutdown signal received, stopping server...
2025-04-08 14:48:52,971 - __main__ - INFO - Shutting down...
2025-04-08 14:48:52,971 - __main__ - INFO - Server stopped.
2025-04-08 14:48:53,004 - __main__ - INFO - Shutdown signal received, stopping server...
2025-04-08 14:48:53,004 - __main__ - INFO - Shutting down...
2025-04-08 14:48:53,004 - __main__ - INFO - Server stopped.
2025-04-08 14:48:53,029 - __main__ - INFO - Shutdown signal received, stopping server...
2025-04-08 14:48:53,030 - __main__ - INFO - Shutting down...
2025-04-08 14:48:53,030 - __main__ - INFO - Server stopped.
2025-04-08 14:48:53,057 - __main__ - INFO - Shutdown signal received, stopping server...
2025-04-08 14:48:53,057 - __main__ - INFO - Shutting down...
2025-04-08 14:48:53,058 - __main__ - INFO - Server stopped.
2025-04-08 14:48:53,087 - __main__ - INFO - Shutdown signal received, stopping server...
2025-04-08 14:48:53,087 - __main__ - INFO - Shutting down...
2025-04-08 14:48:53,087 - __main__ - INFO - Server stopped.
2025-04-08 14:48:53,118 - __main__ - INFO - Shutdown signal received, stopping server...
2025-04-08 14:48:53,118 - __main__ - INFO - Shutting down...
2025-04-08 14:48:53,118 - __main__ - INFO - Server stopped.
2025-04-08 14:48:53,147 - __main__ - INFO - Shutdown signal received, stopping server...
2025-04-08 14:48:53,147 - __main__ - INFO - Shutting down...
2025-04-08 14:48:53,147 - __main__ - INFO - Server stopped.
2025-04-08 14:48:53,178 - __main__ - INFO - Shutdown signal received, stopping server...
2025-04-08 14:48:53,179 - __main__ - INFO - Shutting down...
2025-04-08 14:48:53,179 - __main__ - INFO - Server stopped.
2025-04-08 14:48:53,208 - __main__ - INFO - Shutdown signal received, stopping server...
2025-04-08 14:48:53,208 - __main__ - INFO - Shutting down...
2025-04-08 14:48:53,209 - __main__ - INFO - Server stopped.
2025-04-08 14:48:53,237 - __main__ - INFO - Shutdown signal received, stopping server...
2025-04-08 14:48:53,237 - __main__ - INFO - Shutting down...
2025-04-08 14:48:53,237 - __main__ - INFO - Server stopped.
2025-04-08 14:48:53,268 - __main__ - INFO - Shutdown signal received, stopping server...
2025-04-08 14:48:53,268 - __main__ - INFO - Shutting down...
2025-04-08 14:48:53,268 - __main__ - INFO - Server stopped.
2025-04-08 14:48:53,300 - __main__ - INFO - Shutdown signal received, stopping server...
2025-04-08 14:48:53,300 - __main__ - INFO - Shutting down...
2025-04-08 14:48:53,300 - __main__ - INFO - Server stopped.
2025-04-08 14:48:53,332 - __main__ - INFO - Shutdown signal received, stopping server...
2025-04-08 14:48:53,332 - __main__ - INFO - Shutting down...
2025-04-08 14:48:53,332 - __main__ - INFO - Server stopped.
2025-04-08 14:48:53,366 - __main__ - INFO - Shutdown signal received, stopping server...
2025-04-08 14:48:53,366 - __main__ - INFO - Shutting down...
2025-04-08 14:48:53,366 - __main__ - INFO - Server stopped.
2025-04-08 14:48:53,397 - __main__ - INFO - Shutdown signal received, stopping server...
2025-04-08 14:48:53,397 - __main__ - INFO - Shutting down...
2025-04-08 14:48:53,398 - __main__ - INFO - Server stopped.
2025-04-08 14:48:53,418 - __main__ - INFO - Shutdown signal received, stopping server...
2025-04-08 14:48:53,418 - __main__ - INFO - Shutting down...
2025-04-08 14:48:53,418 - __main__ - INFO - Server stopped.
2025-04-08 14:48:53,447 - __main__ - INFO - Shutdown signal received, stopping server...
2025-04-08 14:48:53,447 - __main__ - INFO - Shutting down...
2025-04-08 14:48:53,447 - __main__ - INFO - Server stopped.
2025-04-08 14:48:53,478 - __main__ - INFO - Shutdown signal received, stopping server...
2025-04-08 14:48:53,479 - __main__ - INFO - Shutting down...
2025-04-08 14:48:53,479 - __main__ - INFO - Server stopped.
2025-04-08 14:48:53,507 - __main__ - INFO - Shutdown signal received, stopping server...
2025-04-08 14:48:53,508 - __main__ - INFO - Shutting down...
2025-04-08 14:48:53,508 - __main__ - INFO - Server stopped.
2025-04-08 14:48:53,537 - __main__ - INFO - Shutdown signal received, stopping server...
2025-04-08 14:48:53,537 - __main__ - INFO - Shutting down...
2025-04-08 14:48:53,538 - __main__ - INFO - Server stopped.
2025-04-08 14:48:53,567 - __main__ - INFO - Shutdown signal received, stopping server...
2025-04-08 14:48:53,568 - __main__ - INFO - Shutting down...
2025-04-08 14:48:53,568 - __main__ - INFO - Server stopped.
2025-04-08 14:48:53,597 - __main__ - INFO - Shutdown signal received, stopping server...
2025-04-08 14:48:53,598 - __main__ - INFO - Shutting down...
2025-04-08 14:48:53,598 - __main__ - INFO - Server stopped.
2025-04-08 14:48:53,627 - __main__ - INFO - Shutdown signal received, stopping server...
2025-04-08 14:48:53,628 - __main__ - INFO - Shutting down...
2025-04-08 14:48:53,628 - __main__ - INFO - Server stopped.
2025-04-08 14:48:53,657 - __main__ - INFO - Shutdown signal received, stopping server...
2025-04-08 14:48:53,657 - __main__ - INFO - Shutting down...
2025-04-08 14:48:53,658 - __main__ - INFO - Server stopped.
2025-04-08 14:48:53,688 - __main__ - INFO - Shutdown signal received, stopping server...
2025-04-08 14:48:53,689 - __main__ - INFO - Shutting down...
2025-04-08 14:48:53,689 - __main__ - INFO - Server stopped.
2025-04-08 14:48:53,718 - __main__ - INFO - Shutdown signal received, stopping server...
2025-04-08 14:48:53,719 - __main__ - INFO - Shutting down...
2025-04-08 14:48:53,719 - __main__ - INFO - Server stopped.
2025-04-08 14:48:53,755 - __main__ - INFO - Shutdown signal received, stopping server...
2025-04-08 14:48:53,755 - __main__ - INFO - Shutting down...
2025-04-08 14:48:53,756 - __main__ - INFO - Server stopped.
2025-04-08 14:48:53,782 - __main__ - INFO - Shutdown signal received, stopping server...
2025-04-08 14:48:53,783 - __main__ - INFO - Shutting down...
2025-04-08 14:48:53,783 - __main__ - INFO - Server stopped.
2025-04-08 14:48:53,808 - __main__ - INFO - Shutdown signal received, stopping server...
2025-04-08 14:48:53,809 - __main__ - INFO - Shutting down...
2025-04-08 14:48:53,809 - __main__ - INFO - Server stopped.
2025-04-08 14:48:53,854 - __main__ - INFO - Shutdown signal received, stopping server...
2025-04-08 14:48:53,855 - __main__ - INFO - Shutting down...
2025-04-08 14:48:53,855 - __main__ - INFO - Server stopped.
2025-04-08 14:48:53,885 - __main__ - INFO - Shutdown signal received, stopping server...
2025-04-08 14:48:53,885 - __main__ - INFO - Shutting down...
2025-04-08 14:48:53,886 - __main__ - INFO - Server stopped.
2025-04-08 14:48:53,898 - __main__ - INFO - Shutdown signal received, stopping server...
2025-04-08 14:48:53,898 - __main__ - INFO - Shutting down...
2025-04-08 14:48:53,898 - __main__ - INFO - Server stopped.
2025-04-08 14:48:53,939 - __main__ - INFO - Shutdown signal received, stopping server...
2025-04-08 14:48:53,940 - __main__ - INFO - Shutting down...
2025-04-08 14:48:53,940 - __main__ - INFO - Server stopped.
2025-04-08 14:48:53,973 - __main__ - INFO - Shutdown signal received, stopping server...
2025-04-08 14:48:53,974 - __main__ - INFO - Shutting down...
2025-04-08 14:48:53,974 - __main__ - INFO - Server stopped.
2025-04-08 14:48:53,991 - __main__ - INFO - Shutdown signal received, stopping server...
2025-04-08 14:48:53,991 - __main__ - INFO - Shutting down...
2025-04-08 14:48:53,992 - __main__ - INFO - Server stopped.
2025-04-08 14:48:54,018 - __main__ - INFO - Shutdown signal received, stopping server...
2025-04-08 14:48:54,019 - __main__ - INFO - Shutting down...
2025-04-08 14:48:54,019 - __main__ - INFO - Server stopped.
2025-04-08 14:48:54,048 - __main__ - INFO - Shutdown signal received, stopping server...
2025-04-08 14:48:54,049 - __main__ - INFO - Shutting down...
2025-04-08 14:48:54,049 - __main__ - INFO - Server stopped.
2025-04-08 14:48:54,077 - __main__ - INFO - Shutdown signal received, stopping server...
2025-04-08 14:48:54,078 - __main__ - INFO - Shutting down...
2025-04-08 14:48:54,078 - __main__ - INFO - Server stopped.
2025-04-08 14:48:54,107 - __main__ - INFO - Shutdown signal received, stopping server...
2025-04-08 14:48:54,108 - __main__ - INFO - Shutting down...
2025-04-08 14:48:54,108 - __main__ - INFO - Server stopped.
2025-04-08 14:48:54,138 - __main__ - INFO - Shutdown signal received, stopping server...
2025-04-08 14:48:54,139 - __main__ - INFO - Shutting down...
2025-04-08 14:48:54,139 - __main__ - INFO - Server stopped.
2025-04-08 14:48:54,169 - __main__ - INFO - Shutdown signal received, stopping server...
2025-04-08 14:48:54,169 - __main__ - INFO - Shutting down...
2025-04-08 14:48:54,170 - __main__ - INFO - Server stopped.
2025-04-08 14:48:54,198 - __main__ - INFO - Shutdown signal received, stopping server...
2025-04-08 14:48:54,198 - __main__ - INFO - Shutting down...
2025-04-08 14:48:54,198 - __main__ - INFO - Server stopped.
2025-04-08 14:48:54,231 - __main__ - INFO - Shutdown signal received, stopping server...
2025-04-08 14:48:54,231 - __main__ - INFO - Shutting down...
2025-04-08 14:48:54,231 - __main__ - INFO - Server stopped.
2025-04-08 14:48:54,264 - __main__ - INFO - Shutdown signal received, stopping server...
2025-04-08 14:48:54,264 - __main__ - INFO - Shutting down...
2025-04-08 14:48:54,264 - __main__ - INFO - Server stopped.
2025-04-08 14:48:54,289 - __main__ - INFO - Shutdown signal received, stopping server...
2025-04-08 14:48:54,289 - __main__ - INFO - Shutting down...
2025-04-08 14:48:54,289 - __main__ - INFO - Server stopped.
2025-04-08 14:48:54,321 - __main__ - INFO - Shutdown signal received, stopping server...
2025-04-08 14:48:54,321 - __main__ - INFO - Shutting down...
2025-04-08 14:48:54,321 - __main__ - INFO - Server stopped.
2025-04-08 14:48:54,348 - __main__ - INFO - Shutdown signal received, stopping server...
2025-04-08 14:48:54,348 - __main__ - INFO - Shutting down...
2025-04-08 14:48:54,348 - __main__ - INFO - Server stopped.
2025-04-08 14:48:54,377 - __main__ - INFO - Shutdown signal received, stopping server...
2025-04-08 14:48:54,378 - __main__ - INFO - Shutting down...
2025-04-08 14:48:54,378 - __main__ - INFO - Server stopped.
2025-04-08 14:48:54,408 - __main__ - INFO - Shutdown signal received, stopping server...
2025-04-08 14:48:54,408 - __main__ - INFO - Shutting down...
2025-04-08 14:48:54,408 - __main__ - INFO - Server stopped.
2025-04-08 14:48:54,437 - __main__ - INFO - Shutdown signal received, stopping server...
2025-04-08 14:48:54,437 - __main__ - INFO - Shutting down...
2025-04-08 14:48:54,438 - __main__ - INFO - Server stopped.
2025-04-08 14:48:54,468 - __main__ - INFO - Shutdown signal received, stopping server...
2025-04-08 14:48:54,468 - __main__ - INFO - Shutting down...
2025-04-08 14:48:54,468 - __main__ - INFO - Server stopped.
2025-04-08 14:48:54,498 - __main__ - INFO - Shutdown signal received, stopping server...
2025-04-08 14:48:54,498 - __main__ - INFO - Shutting down...
2025-04-08 14:48:54,498 - __main__ - INFO - Server stopped.
2025-04-08 14:48:54,528 - __main__ - INFO - Shutdown signal received, stopping server...
2025-04-08 14:48:54,528 - __main__ - INFO - Shutting down...
2025-04-08 14:48:54,528 - __main__ - INFO - Server stopped.
2025-04-08 14:48:54,561 - __main__ - INFO - Shutdown signal received, stopping server...
2025-04-08 14:48:54,561 - __main__ - INFO - Shutting down...
2025-04-08 14:48:54,561 - __main__ - INFO - Server stopped.
2025-04-08 14:48:54,590 - __main__ - INFO - Shutdown signal received, stopping server...
2025-04-08 14:48:54,590 - __main__ - INFO - Shutting down...
2025-04-08 14:48:54,590 - __main__ - INFO - Server stopped.
2025-04-08 14:48:54,622 - __main__ - INFO - Shutdown signal received, stopping server...
2025-04-08 14:48:54,623 - __main__ - INFO - Shutting down...
2025-04-08 14:48:54,623 - __main__ - INFO - Server stopped.
2025-04-08 14:48:54,655 - __main__ - INFO - Shutdown signal received, stopping server...
2025-04-08 14:48:54,655 - __main__ - INFO - Shutting down...
2025-04-08 14:48:54,656 - __main__ - INFO - Server stopped.
2025-04-08 14:48:54,678 - __main__ - INFO - Shutdown signal received, stopping server...
2025-04-08 14:48:54,678 - __main__ - INFO - Shutting down...
2025-04-08 14:48:54,678 - __main__ - INFO - Server stopped.
2025-04-08 14:48:54,708 - __main__ - INFO - Shutdown signal received, stopping server...
2025-04-08 14:48:54,708 - __main__ - INFO - Shutting down...
2025-04-08 14:48:54,708 - __main__ - INFO - Server stopped.
2025-04-08 14:48:54,738 - __main__ - INFO - Shutdown signal received, stopping server...
2025-04-08 14:48:54,739 - __main__ - INFO - Shutting down...
2025-04-08 14:48:54,739 - __main__ - INFO - Server stopped.
2025-04-08 14:48:54,767 - __main__ - INFO - Shutdown signal received, stopping server...
2025-04-08 14:48:54,768 - __main__ - INFO - Shutting down...
2025-04-08 14:48:54,768 - __main__ - INFO - Server stopped.
2025-04-08 14:48:54,797 - __main__ - INFO - Shutdown signal received, stopping server...
2025-04-08 14:48:54,797 - __main__ - INFO - Shutting down...
2025-04-08 14:48:54,798 - __main__ - INFO - Server stopped.
2025-04-08 14:48:54,828 - __main__ - INFO - Shutdown signal received, stopping server...
2025-04-08 14:48:54,828 - __main__ - INFO - Shutting down...
2025-04-08 14:48:54,828 - __main__ - INFO - Server stopped.
2025-04-08 14:48:54,857 - __main__ - INFO - Shutdown signal received, stopping server...
2025-04-08 14:48:54,858 - __main__ - INFO - Shutting down...
2025-04-08 14:48:54,858 - __main__ - INFO - Server stopped.
2025-04-08 14:48:54,887 - __main__ - INFO - Shutdown signal received, stopping server...
2025-04-08 14:48:54,887 - __main__ - INFO - Shutting down...
2025-04-08 14:48:54,888 - __main__ - INFO - Server stopped.
2025-04-08 14:48:54,920 - __main__ - INFO - Shutdown signal received, stopping server...
2025-04-08 14:48:54,920 - __main__ - INFO - Shutting down...
2025-04-08 14:48:54,920 - __main__ - INFO - Server stopped.
2025-04-08 14:48:54,955 - __main__ - INFO - Shutdown signal received, stopping server...
2025-04-08 14:48:54,956 - __main__ - INFO - Shutting down...
2025-04-08 14:48:54,956 - __main__ - INFO - Server stopped.
2025-04-08 14:48:54,986 - __main__ - INFO - Shutdown signal received, stopping server...
2025-04-08 14:48:54,986 - __main__ - INFO - Shutting down...
2025-04-08 14:48:54,986 - __main__ - INFO - Server stopped.
2025-04-08 14:48:55,008 - __main__ - INFO - Shutdown signal received, stopping server...
2025-04-08 14:48:55,008 - __main__ - INFO - Shutting down...
2025-04-08 14:48:55,008 - __main__ - INFO - Server stopped.
2025-04-08 14:48:55,038 - __main__ - INFO - Shutdown signal received, stopping server...
2025-04-08 14:48:55,038 - __main__ - INFO - Shutting down...
2025-04-08 14:48:55,039 - __main__ - INFO - Server stopped.
2025-04-08 14:48:55,070 - __main__ - INFO - Shutdown signal received, stopping server...
2025-04-08 14:48:55,070 - __main__ - INFO - Shutting down...
2025-04-08 14:48:55,071 - __main__ - INFO - Server stopped.
2025-04-08 14:48:55,099 - __main__ - INFO - Shutdown signal received, stopping server...
2025-04-08 14:48:55,099 - __main__ - INFO - Shutting down...
2025-04-08 14:48:55,099 - __main__ - INFO - Server stopped.
2025-04-08 14:48:55,128 - __main__ - INFO - Shutdown signal received, stopping server...
2025-04-08 14:48:55,128 - __main__ - INFO - Shutting down...
2025-04-08 14:48:55,128 - __main__ - INFO - Server stopped.
2025-04-08 14:48:55,157 - __main__ - INFO - Shutdown signal received, stopping server...
2025-04-08 14:48:55,157 - __main__ - INFO - Shutting down...
2025-04-08 14:48:55,158 - __main__ - INFO - Server stopped.
2025-04-08 14:48:55,187 - __main__ - INFO - Shutdown signal received, stopping server...
2025-04-08 14:48:55,187 - __main__ - INFO - Shutting down...
2025-04-08 14:48:55,187 - __main__ - INFO - Server stopped.
2025-04-08 14:48:55,217 - __main__ - INFO - Shutdown signal received, stopping server...
2025-04-08 14:48:55,218 - __main__ - INFO - Shutting down...
2025-04-08 14:48:55,218 - __main__ - INFO - Server stopped.
2025-04-08 14:48:55,254 - __main__ - INFO - Shutdown signal received, stopping server...
2025-04-08 14:48:55,254 - __main__ - INFO - Shutting down...
2025-04-08 14:48:55,254 - __main__ - INFO - Server stopped.
2025-04-08 14:48:55,294 - __main__ - INFO - Shutdown signal received, stopping server...
2025-04-08 14:48:55,295 - __main__ - INFO - Shutting down...
2025-04-08 14:48:55,295 - __main__ - INFO - Server stopped.
2025-04-08 14:48:55,309 - __main__ - INFO - Shutdown signal received, stopping server...
2025-04-08 14:48:55,309 - __main__ - INFO - Shutting down...
2025-04-08 14:48:55,309 - __main__ - INFO - Server stopped.
2025-04-08 14:48:55,339 - __main__ - INFO - Shutdown signal received, stopping server...
2025-04-08 14:48:55,340 - __main__ - INFO - Shutting down...
2025-04-08 14:48:55,340 - __main__ - INFO - Server stopped.
2025-04-08 14:48:55,367 - __main__ - INFO - Shutdown signal received, stopping server...
2025-04-08 14:48:55,368 - __main__ - INFO - Shutting down...
2025-04-08 14:48:55,368 - __main__ - INFO - Server stopped.
2025-04-08 14:48:55,400 - __main__ - INFO - Shutdown signal received, stopping server...
2025-04-08 14:48:55,400 - __main__ - INFO - Shutting down...
2025-04-08 14:48:55,401 - __main__ - INFO - Server stopped.
2025-04-08 14:48:55,432 - __main__ - INFO - Shutdown signal received, stopping server...
2025-04-08 14:48:55,433 - __main__ - INFO - Shutting down...
2025-04-08 14:48:55,433 - __main__ - INFO - Server stopped.
2025-04-08 14:48:55,466 - __main__ - INFO - Shutdown signal received, stopping server...
2025-04-08 14:48:55,467 - __main__ - INFO - Shutting down...
2025-04-08 14:48:55,467 - __main__ - INFO - Server stopped.
2025-04-08 14:48:55,500 - __main__ - INFO - Shutdown signal received, stopping server...
2025-04-08 14:48:55,501 - __main__ - INFO - Shutting down...
2025-04-08 14:48:55,501 - __main__ - INFO - Server stopped.
2025-04-08 14:48:55,522 - __main__ - INFO - Shutdown signal received, stopping server...
2025-04-08 14:48:55,523 - __main__ - INFO - Shutting down...
2025-04-08 14:48:55,523 - __main__ - INFO - Server stopped.
2025-04-08 14:48:55,548 - __main__ - INFO - Shutdown signal received, stopping server...
2025-04-08 14:48:55,548 - __main__ - INFO - Shutting down...
2025-04-08 14:48:55,549 - __main__ - INFO - Server stopped.
2025-04-08 14:48:55,585 - __main__ - INFO - Shutdown signal received, stopping server...
2025-04-08 14:48:55,585 - __main__ - INFO - Shutting down...
2025-04-08 14:48:55,586 - __main__ - INFO - Server stopped.
2025-04-08 14:48:55,611 - __main__ - INFO - Shutdown signal received, stopping server...
2025-04-08 14:48:55,612 - __main__ - INFO - Shutting down...
2025-04-08 14:48:55,612 - __main__ - INFO - Server stopped.
2025-04-08 14:48:55,642 - __main__ - INFO - Shutdown signal received, stopping server...
2025-04-08 14:48:55,643 - __main__ - INFO - Shutting down...
2025-04-08 14:48:55,643 - __main__ - INFO - Server stopped.
2025-04-08 14:48:55,679 - __main__ - INFO - Shutdown signal received, stopping server...
2025-04-08 14:48:55,680 - __main__ - INFO - Shutting down...
2025-04-08 14:48:55,680 - __main__ - INFO - Server stopped.
2025-04-08 14:48:55,707 - __main__ - INFO - Shutdown signal received, stopping server...
2025-04-08 14:48:55,708 - __main__ - INFO - Shutting down...
2025-04-08 14:48:55,708 - __main__ - INFO - Server stopped.
2025-04-08 14:48:55,739 - __main__ - INFO - Shutdown signal received, stopping server...
2025-04-08 14:48:55,739 - __main__ - INFO - Shutting down...
2025-04-08 14:48:55,740 - __main__ - INFO - Server stopped.
2025-04-08 14:48:55,757 - __main__ - INFO - Shutdown signal received, stopping server...
2025-04-08 14:48:55,757 - __main__ - INFO - Shutting down...
2025-04-08 14:48:55,758 - __main__ - INFO - Server stopped.
2025-04-08 14:48:55,788 - __main__ - INFO - Shutdown signal received, stopping server...
2025-04-08 14:48:55,788 - __main__ - INFO - Shutting down...
2025-04-08 14:48:55,788 - __main__ - INFO - Server stopped.
2025-04-08 14:48:55,818 - __main__ - INFO - Shutdown signal received, stopping server...
2025-04-08 14:48:55,818 - __main__ - INFO - Shutting down...
2025-04-08 14:48:55,818 - __main__ - INFO - Server stopped.
2025-04-08 14:48:55,846 - __main__ - INFO - Shutdown signal received, stopping server...
2025-04-08 14:48:55,847 - __main__ - INFO - Shutting down...
2025-04-08 14:48:55,847 - __main__ - INFO - Server stopped.
2025-04-08 14:48:55,877 - __main__ - INFO - Shutdown signal received, stopping server...
2025-04-08 14:48:55,878 - __main__ - INFO - Shutting down...
2025-04-08 14:48:55,878 - __main__ - INFO - Server stopped.
2025-04-08 14:48:55,908 - __main__ - INFO - Shutdown signal received, stopping server...
2025-04-08 14:48:55,908 - __main__ - INFO - Shutting down...
2025-04-08 14:48:55,908 - __main__ - INFO - Server stopped.
2025-04-08 14:48:55,938 - __main__ - INFO - Shutdown signal received, stopping server...
2025-04-08 14:48:55,938 - __main__ - INFO - Shutting down...
2025-04-08 14:48:55,939 - __main__ - INFO - Server stopped.
2025-04-08 14:48:55,968 - __main__ - INFO - Shutdown signal received, stopping server...
2025-04-08 14:48:55,968 - __main__ - INFO - Shutting down...
2025-04-08 14:48:55,968 - __main__ - INFO - Server stopped.
2025-04-08 14:48:55,998 - __main__ - INFO - Shutdown signal received, stopping server...
2025-04-08 14:48:55,998 - __main__ - INFO - Shutting down...
2025-04-08 14:48:55,998 - __main__ - INFO - Server stopped.
2025-04-08 14:48:56,031 - __main__ - INFO - Shutdown signal received, stopping server...
2025-04-08 14:48:56,031 - __main__ - INFO - Shutting down...
2025-04-08 14:48:56,031 - __main__ - INFO - Server stopped.
2025-04-08 14:48:56,061 - __main__ - INFO - Shutdown signal received, stopping server...
2025-04-08 14:48:56,061 - __main__ - INFO - Shutting down...
2025-04-08 14:48:56,061 - __main__ - INFO - Server stopped.
2025-04-08 14:48:56,094 - __main__ - INFO - Shutdown signal received, stopping server...
2025-04-08 14:48:56,094 - __main__ - INFO - Shutting down...
2025-04-08 14:48:56,094 - __main__ - INFO - Server stopped.
2025-04-08 14:48:56,119 - __main__ - INFO - Shutdown signal received, stopping server...
2025-04-08 14:48:56,119 - __main__ - INFO - Shutting down...
2025-04-08 14:48:56,120 - __main__ - INFO - Server stopped.
2025-04-08 14:48:56,147 - __main__ - INFO - Shutdown signal received, stopping server...
2025-04-08 14:48:56,148 - __main__ - INFO - Shutting down...
2025-04-08 14:48:56,148 - __main__ - INFO - Server stopped.
2025-04-08 14:48:56,178 - __main__ - INFO - Shutdown signal received, stopping server...
2025-04-08 14:48:56,178 - __main__ - INFO - Shutting down...
2025-04-08 14:48:56,178 - __main__ - INFO - Server stopped.
2025-04-08 14:48:56,207 - __main__ - INFO - Shutdown signal received, stopping server...
2025-04-08 14:48:56,207 - __main__ - INFO - Shutting down...
2025-04-08 14:48:56,208 - __main__ - INFO - Server stopped.
2025-04-08 14:48:56,238 - __main__ - INFO - Shutdown signal received, stopping server...
2025-04-08 14:48:56,238 - __main__ - INFO - Shutting down...
2025-04-08 14:48:56,239 - __main__ - INFO - Server stopped.
2025-04-08 14:48:56,268 - __main__ - INFO - Shutdown signal received, stopping server...
2025-04-08 14:48:56,269 - __main__ - INFO - Shutting down...
2025-04-08 14:48:56,269 - __main__ - INFO - Server stopped.
2025-04-08 14:48:56,301 - __main__ - INFO - Shutdown signal received, stopping server...
2025-04-08 14:48:56,302 - __main__ - INFO - Shutting down...
2025-04-08 14:48:56,302 - __main__ - INFO - Server stopped.
2025-04-08 14:48:56,340 - __main__ - INFO - Shutdown signal received, stopping server...
2025-04-08 14:48:56,340 - __main__ - INFO - Shutting down...
2025-04-08 14:48:56,341 - __main__ - INFO - Server stopped.
2025-04-08 14:48:56,373 - __main__ - INFO - Shutdown signal received, stopping server...
2025-04-08 14:48:56,374 - __main__ - INFO - Shutting down...
2025-04-08 14:48:56,374 - __main__ - INFO - Server stopped.
2025-04-08 14:48:56,394 - __main__ - INFO - Shutdown signal received, stopping server...
2025-04-08 14:48:56,395 - __main__ - INFO - Shutting down...
2025-04-08 14:48:56,395 - __main__ - INFO - Server stopped.
2025-04-08 14:48:56,418 - __main__ - INFO - Shutdown signal received, stopping server...
2025-04-08 14:48:56,419 - __main__ - INFO - Shutting down...
2025-04-08 14:48:56,419 - __main__ - INFO - Server stopped.
2025-04-08 14:48:56,449 - __main__ - INFO - Shutdown signal received, stopping server...
2025-04-08 14:48:56,449 - __main__ - INFO - Shutting down...
2025-04-08 14:48:56,450 - __main__ - INFO - Server stopped.
2025-04-08 14:48:56,478 - __main__ - INFO - Shutdown signal received, stopping server...
2025-04-08 14:48:56,478 - __main__ - INFO - Shutting down...
2025-04-08 14:48:56,478 - __main__ - INFO - Server stopped.
2025-04-08 14:48:56,511 - __main__ - INFO - Shutdown signal received, stopping server...
2025-04-08 14:48:56,511 - __main__ - INFO - Shutting down...
2025-04-08 14:48:56,512 - __main__ - INFO - Server stopped.
2025-04-08 14:48:56,546 - __main__ - INFO - Shutdown signal received, stopping server...
2025-04-08 14:48:56,546 - __main__ - INFO - Shutting down...
2025-04-08 14:48:56,546 - __main__ - INFO - Server stopped.
2025-04-08 14:48:56,571 - __main__ - INFO - Shutdown signal received, stopping server...
2025-04-08 14:48:56,572 - __main__ - INFO - Shutting down...
2025-04-08 14:48:56,572 - __main__ - INFO - Server stopped.
2025-04-08 14:48:56,605 - __main__ - INFO - Shutdown signal received, stopping server...
2025-04-08 14:48:56,605 - __main__ - INFO - Shutting down...
2025-04-08 14:48:56,605 - __main__ - INFO - Server stopped.
2025-04-08 14:48:56,629 - __main__ - INFO - Shutdown signal received, stopping server...
2025-04-08 14:48:56,629 - __main__ - INFO - Shutting down...
2025-04-08 14:48:56,629 - __main__ - INFO - Server stopped.
2025-04-08 14:48:56,658 - __main__ - INFO - Shutdown signal received, stopping server...
2025-04-08 14:48:56,658 - __main__ - INFO - Shutting down...
2025-04-08 14:48:56,658 - __main__ - INFO - Server stopped.
2025-04-08 14:48:56,688 - __main__ - INFO - Shutdown signal received, stopping server...
2025-04-08 14:48:56,688 - __main__ - INFO - Shutting down...
2025-04-08 14:48:56,688 - __main__ - INFO - Server stopped.
2025-04-08 14:48:56,717 - __main__ - INFO - Shutdown signal received, stopping server...
2025-04-08 14:48:56,717 - __main__ - INFO - Shutting down...
2025-04-08 14:48:56,717 - __main__ - INFO - Server stopped.
2025-04-08 14:48:56,748 - __main__ - INFO - Shutdown signal received, stopping server...
2025-04-08 14:48:56,748 - __main__ - INFO - Shutting down...
2025-04-08 14:48:56,748 - __main__ - INFO - Server stopped.
2025-04-08 14:48:56,778 - __main__ - INFO - Shutdown signal received, stopping server...
2025-04-08 14:48:56,779 - __main__ - INFO - Shutting down...
2025-04-08 14:48:56,779 - __main__ - INFO - Server stopped.
2025-04-08 14:48:56,807 - __main__ - INFO - Shutdown signal received, stopping server...
2025-04-08 14:48:56,808 - __main__ - INFO - Shutting down...
2025-04-08 14:48:56,808 - __main__ - INFO - Server stopped.
2025-04-08 14:48:56,837 - __main__ - INFO - Shutdown signal received, stopping server...
2025-04-08 14:48:56,837 - __main__ - INFO - Shutting down...
2025-04-08 14:48:56,837 - __main__ - INFO - Server stopped.
2025-04-08 14:48:56,867 - __main__ - INFO - Shutdown signal received, stopping server...
2025-04-08 14:48:56,867 - __main__ - INFO - Shutting down...
2025-04-08 14:48:56,868 - __main__ - INFO - Server stopped.
2025-04-08 14:48:56,897 - __main__ - INFO - Shutdown signal received, stopping server...
2025-04-08 14:48:56,897 - __main__ - INFO - Shutting down...
2025-04-08 14:48:56,897 - __main__ - INFO - Server stopped.
2025-04-08 14:48:56,928 - __main__ - INFO - Shutdown signal received, stopping server...
2025-04-08 14:48:56,928 - __main__ - INFO - Shutting down...
2025-04-08 14:48:56,928 - __main__ - INFO - Server stopped.
2025-04-08 14:48:56,959 - __main__ - INFO - Shutdown signal received, stopping server...
2025-04-08 14:48:56,959 - __main__ - INFO - Shutting down...
2025-04-08 14:48:56,959 - __main__ - INFO - Server stopped.
2025-04-08 14:48:56,992 - __main__ - INFO - Shutdown signal received, stopping server...
2025-04-08 14:48:56,992 - __main__ - INFO - Shutting down...
2025-04-08 14:48:56,992 - __main__ - INFO - Server stopped.
2025-04-08 14:48:57,022 - __main__ - INFO - Shutdown signal received, stopping server...
2025-04-08 14:48:57,023 - __main__ - INFO - Shutting down...
2025-04-08 14:48:57,023 - __main__ - INFO - Server stopped.
2025-04-08 14:48:57,048 - __main__ - INFO - Shutdown signal received, stopping server...
2025-04-08 14:48:57,049 - __main__ - INFO - Shutting down...
2025-04-08 14:48:57,049 - __main__ - INFO - Server stopped.
2025-04-08 14:48:57,077 - __main__ - INFO - Shutdown signal received, stopping server...
2025-04-08 14:48:57,077 - __main__ - INFO - Shutting down...
2025-04-08 14:48:57,077 - __main__ - INFO - Server stopped.
2025-04-08 14:48:57,107 - __main__ - INFO - Shutdown signal received, stopping server...
2025-04-08 14:48:57,107 - __main__ - INFO - Shutting down...
2025-04-08 14:48:57,107 - __main__ - INFO - Server stopped.
2025-04-08 14:48:57,140 - __main__ - INFO - Shutdown signal received, stopping server...
2025-04-08 14:48:57,141 - __main__ - INFO - Shutting down...
2025-04-08 14:48:57,141 - __main__ - INFO - Server stopped.
2025-04-08 14:48:57,167 - __main__ - INFO - Shutdown signal received, stopping server...
2025-04-08 14:48:57,168 - __main__ - INFO - Shutting down...
2025-04-08 14:48:57,168 - __main__ - INFO - Server stopped.
2025-04-08 14:48:57,197 - __main__ - INFO - Shutdown signal received, stopping server...
2025-04-08 14:48:57,198 - __main__ - INFO - Shutting down...
2025-04-08 14:48:57,198 - __main__ - INFO - Server stopped.
2025-04-08 14:48:57,228 - __main__ - INFO - Shutdown signal received, stopping server...
2025-04-08 14:48:57,228 - __main__ - INFO - Shutting down...
2025-04-08 14:48:57,228 - __main__ - INFO - Server stopped.
2025-04-08 14:48:57,258 - __main__ - INFO - Shutdown signal received, stopping server...
2025-04-08 14:48:57,258 - __main__ - INFO - Shutting down...
2025-04-08 14:48:57,258 - __main__ - INFO - Server stopped.
2025-04-08 14:48:57,289 - __main__ - INFO - Shutdown signal received, stopping server...
2025-04-08 14:48:57,289 - __main__ - INFO - Shutting down...
2025-04-08 14:48:57,289 - __main__ - INFO - Server stopped.
2025-04-08 14:48:57,317 - __main__ - INFO - Shutdown signal received, stopping server...
2025-04-08 14:48:57,318 - __main__ - INFO - Shutting down...
2025-04-08 14:48:57,318 - __main__ - INFO - Server stopped.
2025-04-08 14:48:57,347 - __main__ - INFO - Shutdown signal received, stopping server...
2025-04-08 14:48:57,348 - __main__ - INFO - Shutting down...
2025-04-08 14:48:57,348 - __main__ - INFO - Server stopped.
2025-04-08 14:48:57,380 - __main__ - INFO - Shutdown signal received, stopping server...
2025-04-08 14:48:57,381 - __main__ - INFO - Shutting down...
2025-04-08 14:48:57,381 - __main__ - INFO - Server stopped.
2025-04-08 14:48:57,413 - __main__ - INFO - Shutdown signal received, stopping server...
2025-04-08 14:48:57,413 - __main__ - INFO - Shutting down...
2025-04-08 14:48:57,413 - __main__ - INFO - Server stopped.
2025-04-08 14:48:57,445 - __main__ - INFO - Shutdown signal received, stopping server...
2025-04-08 14:48:57,445 - __main__ - INFO - Shutting down...
2025-04-08 14:48:57,445 - __main__ - INFO - Server stopped.
2025-04-08 14:48:57,467 - __main__ - INFO - Shutdown signal received, stopping server...
2025-04-08 14:48:57,468 - __main__ - INFO - Shutting down...
2025-04-08 14:48:57,468 - __main__ - INFO - Server stopped.
2025-04-08 14:48:57,819 - __main__ - INFO - Shutdown signal received, stopping server...
2025-04-08 14:48:57,819 - __main__ - INFO - Shutting down...
2025-04-08 14:48:57,819 - __main__ - INFO - Server stopped.
2025-04-08 14:48:57,819 - __main__ - INFO - Shutdown signal received, stopping server...
2025-04-08 14:48:57,820 - __main__ - INFO - Shutting down...
2025-04-08 14:48:57,820 - __main__ - INFO - Server stopped.
2025-04-08 14:48:57,857 - __main__ - INFO - Shutdown signal received, stopping server...
2025-04-08 14:48:57,858 - __main__ - INFO - Shutting down...
2025-04-08 14:48:57,858 - __main__ - INFO - Server stopped.
2025-04-08 14:48:57,883 - __main__ - INFO - Shutdown signal received, stopping server...
2025-04-08 14:48:57,884 - __main__ - INFO - Shutting down...
2025-04-08 14:48:57,884 - __main__ - INFO - Server stopped.
2025-04-08 14:48:57,918 - __main__ - INFO - Shutdown signal received, stopping server...
2025-04-08 14:48:57,918 - __main__ - INFO - Shutting down...
2025-04-08 14:48:57,918 - __main__ - INFO - Server stopped.
2025-04-08 14:48:57,939 - __main__ - INFO - Shutdown signal received, stopping server...
2025-04-08 14:48:57,939 - __main__ - INFO - Shutting down...
2025-04-08 14:48:57,939 - __main__ - INFO - Server stopped.
2025-04-08 14:48:57,968 - __main__ - INFO - Shutdown signal received, stopping server...
2025-04-08 14:48:57,969 - __main__ - INFO - Shutting down...
2025-04-08 14:48:57,969 - __main__ - INFO - Server stopped.
2025-04-08 14:48:58,000 - __main__ - INFO - Shutdown signal received, stopping server...
2025-04-08 14:48:58,000 - __main__ - INFO - Shutting down...
2025-04-08 14:48:58,000 - __main__ - INFO - Server stopped.
2025-04-08 14:48:58,029 - __main__ - INFO - Shutdown signal received, stopping server...
2025-04-08 14:48:58,029 - __main__ - INFO - Shutting down...
2025-04-08 14:48:58,029 - __main__ - INFO - Server stopped.
2025-04-08 14:48:58,060 - __main__ - INFO - Shutdown signal received, stopping server...
2025-04-08 14:48:58,060 - __main__ - INFO - Shutting down...
2025-04-08 14:48:58,061 - __main__ - INFO - Server stopped.
2025-04-08 14:48:58,089 - __main__ - INFO - Shutdown signal received, stopping server...
2025-04-08 14:48:58,089 - __main__ - INFO - Shutting down...
2025-04-08 14:48:58,089 - __main__ - INFO - Server stopped.
2025-04-08 14:48:58,120 - __main__ - INFO - Shutdown signal received, stopping server...
2025-04-08 14:48:58,120 - __main__ - INFO - Shutting down...
2025-04-08 14:48:58,121 - __main__ - INFO - Server stopped.
2025-04-08 14:48:58,149 - __main__ - INFO - Shutdown signal received, stopping server...
2025-04-08 14:48:58,149 - __main__ - INFO - Shutting down...
2025-04-08 14:48:58,149 - __main__ - INFO - Server stopped.
2025-04-08 14:48:58,179 - __main__ - INFO - Shutdown signal received, stopping server...
2025-04-08 14:48:58,179 - __main__ - INFO - Shutting down...
2025-04-08 14:48:58,179 - __main__ - INFO - Server stopped.
2025-04-08 14:48:58,210 - __main__ - INFO - Shutdown signal received, stopping server...
2025-04-08 14:48:58,210 - __main__ - INFO - Shutting down...
2025-04-08 14:48:58,210 - __main__ - INFO - Server stopped.
2025-04-08 14:48:58,241 - __main__ - INFO - Shutdown signal received, stopping server...
2025-04-08 14:48:58,242 - __main__ - INFO - Shutting down...
2025-04-08 14:48:58,242 - __main__ - INFO - Server stopped.
2025-04-08 14:48:58,273 - __main__ - INFO - Shutdown signal received, stopping server...
2025-04-08 14:48:58,273 - __main__ - INFO - Shutting down...
2025-04-08 14:48:58,273 - __main__ - INFO - Server stopped.
2025-04-08 14:48:58,305 - __main__ - INFO - Shutdown signal received, stopping server...
2025-04-08 14:48:58,306 - __main__ - INFO - Shutting down...
2025-04-08 14:48:58,306 - __main__ - INFO - Server stopped.
2025-04-08 14:48:58,331 - __main__ - INFO - Shutdown signal received, stopping server...
2025-04-08 14:48:58,332 - __main__ - INFO - Shutting down...
2025-04-08 14:48:58,332 - __main__ - INFO - Server stopped.
2025-04-08 14:48:58,360 - __main__ - INFO - Shutdown signal received, stopping server...
2025-04-08 14:48:58,360 - __main__ - INFO - Shutting down...
2025-04-08 14:48:58,361 - __main__ - INFO - Server stopped.
2025-04-08 14:48:58,389 - __main__ - INFO - Shutdown signal received, stopping server...
2025-04-08 14:48:58,389 - __main__ - INFO - Shutting down...
2025-04-08 14:48:58,389 - __main__ - INFO - Server stopped.
2025-04-08 14:48:58,419 - __main__ - INFO - Shutdown signal received, stopping server...
2025-04-08 14:48:58,419 - __main__ - INFO - Shutting down...
2025-04-08 14:48:58,420 - __main__ - INFO - Server stopped.
2025-04-08 14:48:58,449 - __main__ - INFO - Shutdown signal received, stopping server...
2025-04-08 14:48:58,450 - __main__ - INFO - Shutting down...
2025-04-08 14:48:58,450 - __main__ - INFO - Server stopped.
2025-04-08 14:48:58,479 - __main__ - INFO - Shutdown signal received, stopping server...
2025-04-08 14:48:58,480 - __main__ - INFO - Shutting down...
2025-04-08 14:48:58,480 - __main__ - INFO - Server stopped.
2025-04-08 14:48:58,509 - __main__ - INFO - Shutdown signal received, stopping server...
2025-04-08 14:48:58,509 - __main__ - INFO - Shutting down...
2025-04-08 14:48:58,509 - __main__ - INFO - Server stopped.
2025-04-08 14:48:58,540 - __main__ - INFO - Shutdown signal received, stopping server...
2025-04-08 14:48:58,540 - __main__ - INFO - Shutting down...
2025-04-08 14:48:58,541 - __main__ - INFO - Server stopped.
2025-04-08 14:48:58,569 - __main__ - INFO - Shutdown signal received, stopping server...
2025-04-08 14:48:58,569 - __main__ - INFO - Shutting down...
2025-04-08 14:48:58,569 - __main__ - INFO - Server stopped.
2025-04-08 14:48:58,599 - __main__ - INFO - Shutdown signal received, stopping server...
2025-04-08 14:48:58,599 - __main__ - INFO - Shutting down...
2025-04-08 14:48:58,599 - __main__ - INFO - Server stopped.
2025-04-08 14:48:58,631 - __main__ - INFO - Shutdown signal received, stopping server...
2025-04-08 14:48:58,631 - __main__ - INFO - Shutting down...
2025-04-08 14:48:58,631 - __main__ - INFO - Server stopped.
2025-04-08 14:48:58,664 - __main__ - INFO - Shutdown signal received, stopping server...
2025-04-08 14:48:58,664 - __main__ - INFO - Shutting down...
2025-04-08 14:48:58,664 - __main__ - INFO - Server stopped.
2025-04-08 14:48:58,699 - __main__ - INFO - Shutdown signal received, stopping server...
2025-04-08 14:48:58,700 - __main__ - INFO - Shutting down...
2025-04-08 14:48:58,700 - __main__ - INFO - Server stopped.
2025-04-08 14:48:58,719 - __main__ - INFO - Shutdown signal received, stopping server...
2025-04-08 14:48:58,719 - __main__ - INFO - Shutting down...
2025-04-08 14:48:58,719 - __main__ - INFO - Server stopped.
2025-04-08 14:48:58,749 - __main__ - INFO - Shutdown signal received, stopping server...
2025-04-08 14:48:58,749 - __main__ - INFO - Shutting down...
2025-04-08 14:48:58,749 - __main__ - INFO - Server stopped.
2025-04-08 14:48:58,779 - __main__ - INFO - Shutdown signal received, stopping server...
2025-04-08 14:48:58,779 - __main__ - INFO - Shutting down...
2025-04-08 14:48:58,779 - __main__ - INFO - Server stopped.
2025-04-08 14:48:58,810 - __main__ - INFO - Shutdown signal received, stopping server...
2025-04-08 14:48:58,810 - __main__ - INFO - Shutting down...
2025-04-08 14:48:58,810 - __main__ - INFO - Server stopped.
2025-04-08 14:48:58,839 - __main__ - INFO - Shutdown signal received, stopping server...
2025-04-08 14:48:58,840 - __main__ - INFO - Shutting down...
2025-04-08 14:48:58,840 - __main__ - INFO - Server stopped.
2025-04-08 14:48:58,871 - __main__ - INFO - Shutdown signal received, stopping server...
2025-04-08 14:48:58,871 - __main__ - INFO - Shutting down...
2025-04-08 14:48:58,872 - __main__ - INFO - Server stopped.
2025-04-08 14:48:58,899 - __main__ - INFO - Shutdown signal received, stopping server...
2025-04-08 14:48:58,899 - __main__ - INFO - Shutting down...
2025-04-08 14:48:58,899 - __main__ - INFO - Server stopped.
2025-04-08 14:48:58,929 - __main__ - INFO - Shutdown signal received, stopping server...
2025-04-08 14:48:58,929 - __main__ - INFO - Shutting down...
2025-04-08 14:48:58,929 - __main__ - INFO - Server stopped.
2025-04-08 14:48:58,960 - __main__ - INFO - Shutdown signal received, stopping server...
2025-04-08 14:48:58,961 - __main__ - INFO - Shutting down...
2025-04-08 14:48:58,961 - __main__ - INFO - Server stopped.
2025-04-08 14:48:58,997 - __main__ - INFO - Shutdown signal received, stopping server...
2025-04-08 14:48:58,997 - __main__ - INFO - Shutting down...
2025-04-08 14:48:58,997 - __main__ - INFO - Server stopped.
2025-04-08 14:48:59,028 - __main__ - INFO - Shutdown signal received, stopping server...
2025-04-08 14:48:59,028 - __main__ - INFO - Shutting down...
2025-04-08 14:48:59,028 - __main__ - INFO - Server stopped.
2025-04-08 14:48:59,050 - __main__ - INFO - Shutdown signal received, stopping server...
2025-04-08 14:48:59,050 - __main__ - INFO - Shutting down...
2025-04-08 14:48:59,050 - __main__ - INFO - Server stopped.
2025-04-08 14:48:59,080 - __main__ - INFO - Shutdown signal received, stopping server...
2025-04-08 14:48:59,081 - __main__ - INFO - Shutting down...
2025-04-08 14:48:59,081 - __main__ - INFO - Server stopped.
2025-04-08 14:48:59,109 - __main__ - INFO - Shutdown signal received, stopping server...
2025-04-08 14:48:59,110 - __main__ - INFO - Shutting down...
2025-04-08 14:48:59,110 - __main__ - INFO - Server stopped.
2025-04-08 14:48:59,140 - __main__ - INFO - Shutdown signal received, stopping server...
2025-04-08 14:48:59,141 - __main__ - INFO - Shutting down...
2025-04-08 14:48:59,141 - __main__ - INFO - Server stopped.
2025-04-08 14:48:59,174 - __main__ - INFO - Shutdown signal received, stopping server...
2025-04-08 14:48:59,174 - __main__ - INFO - Shutting down...
2025-04-08 14:48:59,175 - __main__ - INFO - Server stopped.
2025-04-08 14:48:59,206 - __main__ - INFO - Shutdown signal received, stopping server...
2025-04-08 14:48:59,207 - __main__ - INFO - Shutting down...
2025-04-08 14:48:59,207 - __main__ - INFO - Server stopped.
2025-04-08 14:48:59,243 - __main__ - INFO - Shutdown signal received, stopping server...
2025-04-08 14:48:59,243 - __main__ - INFO - Shutting down...
2025-04-08 14:48:59,244 - __main__ - INFO - Server stopped.
2025-04-08 14:48:59,275 - __main__ - INFO - Shutdown signal received, stopping server...
2025-04-08 14:48:59,276 - __main__ - INFO - Shutting down...
2025-04-08 14:48:59,276 - __main__ - INFO - Server stopped.
2025-04-08 14:48:59,290 - __main__ - INFO - Shutdown signal received, stopping server...
2025-04-08 14:48:59,290 - __main__ - INFO - Shutting down...
2025-04-08 14:48:59,290 - __main__ - INFO - Server stopped.
2025-04-08 14:48:59,320 - __main__ - INFO - Shutdown signal received, stopping server...
2025-04-08 14:48:59,321 - __main__ - INFO - Shutting down...
2025-04-08 14:48:59,321 - __main__ - INFO - Server stopped.
2025-04-08 14:48:59,349 - __main__ - INFO - Shutdown signal received, stopping server...
2025-04-08 14:48:59,349 - __main__ - INFO - Shutting down...
2025-04-08 14:48:59,350 - __main__ - INFO - Server stopped.
2025-04-08 14:48:59,381 - __main__ - INFO - Shutdown signal received, stopping server...
2025-04-08 14:48:59,382 - __main__ - INFO - Shutting down...
2025-04-08 14:48:59,382 - __main__ - INFO - Server stopped.
2025-04-08 14:48:59,410 - __main__ - INFO - Shutdown signal received, stopping server...
2025-04-08 14:48:59,410 - __main__ - INFO - Shutting down...
2025-04-08 14:48:59,410 - __main__ - INFO - Server stopped.
2025-04-08 14:48:59,439 - __main__ - INFO - Shutdown signal received, stopping server...
2025-04-08 14:48:59,440 - __main__ - INFO - Shutting down...
2025-04-08 14:48:59,440 - __main__ - INFO - Server stopped.
2025-04-08 14:48:59,475 - __main__ - INFO - Shutdown signal received, stopping server...
2025-04-08 14:48:59,475 - __main__ - INFO - Shutting down...
2025-04-08 14:48:59,475 - __main__ - INFO - Server stopped.
2025-04-08 14:48:59,507 - __main__ - INFO - Shutdown signal received, stopping server...
2025-04-08 14:48:59,507 - __main__ - INFO - Shutting down...
2025-04-08 14:48:59,507 - __main__ - INFO - Server stopped.
2025-04-08 14:48:59,535 - __main__ - INFO - Shutdown signal received, stopping server...
2025-04-08 14:48:59,535 - __main__ - INFO - Shutting down...
2025-04-08 14:48:59,536 - __main__ - INFO - Server stopped.
2025-04-08 14:48:59,559 - __main__ - INFO - Shutdown signal received, stopping server...
2025-04-08 14:48:59,559 - __main__ - INFO - Shutting down...
2025-04-08 14:48:59,559 - __main__ - INFO - Server stopped.
2025-04-08 14:48:59,589 - __main__ - INFO - Shutdown signal received, stopping server...
2025-04-08 14:48:59,590 - __main__ - INFO - Shutting down...
2025-04-08 14:48:59,590 - __main__ - INFO - Server stopped.
2025-04-08 14:48:59,619 - __main__ - INFO - Shutdown signal received, stopping server...
2025-04-08 14:48:59,619 - __main__ - INFO - Shutting down...
2025-04-08 14:48:59,619 - __main__ - INFO - Server stopped.
2025-04-08 14:48:59,649 - __main__ - INFO - Shutdown signal received, stopping server...
2025-04-08 14:48:59,649 - __main__ - INFO - Shutting down...
2025-04-08 14:48:59,649 - __main__ - INFO - Server stopped.
2025-04-08 14:48:59,680 - __main__ - INFO - Shutdown signal received, stopping server...
2025-04-08 14:48:59,680 - __main__ - INFO - Shutting down...
2025-04-08 14:48:59,680 - __main__ - INFO - Server stopped.
2025-04-08 14:48:59,709 - __main__ - INFO - Shutdown signal received, stopping server...
2025-04-08 14:48:59,709 - __main__ - INFO - Shutting down...
2025-04-08 14:48:59,710 - __main__ - INFO - Server stopped.
2025-04-08 14:48:59,740 - __main__ - INFO - Shutdown signal received, stopping server...
2025-04-08 14:48:59,741 - __main__ - INFO - Shutting down...
2025-04-08 14:48:59,741 - __main__ - INFO - Server stopped.
2025-04-08 14:48:59,769 - __main__ - INFO - Shutdown signal received, stopping server...
2025-04-08 14:48:59,769 - __main__ - INFO - Shutting down...
2025-04-08 14:48:59,769 - __main__ - INFO - Server stopped.
2025-04-08 14:48:59,800 - __main__ - INFO - Shutdown signal received, stopping server...
2025-04-08 14:48:59,800 - __main__ - INFO - Shutting down...
2025-04-08 14:48:59,800 - __main__ - INFO - Server stopped.
2025-04-08 14:48:59,832 - __main__ - INFO - Shutdown signal received, stopping server...
2025-04-08 14:48:59,832 - __main__ - INFO - Shutting down...
2025-04-08 14:48:59,832 - __main__ - INFO - Server stopped.
2025-04-08 14:48:59,864 - __main__ - INFO - Shutdown signal received, stopping server...
2025-04-08 14:48:59,864 - __main__ - INFO - Shutting down...
2025-04-08 14:48:59,864 - __main__ - INFO - Server stopped.
2025-04-08 14:48:59,899 - __main__ - INFO - Shutdown signal received, stopping server...
2025-04-08 14:48:59,899 - __main__ - INFO - Shutting down...
2025-04-08 14:48:59,899 - __main__ - INFO - Server stopped.
2025-04-08 14:48:59,926 - __main__ - INFO - Shutdown signal received, stopping server...
2025-04-08 14:48:59,926 - __main__ - INFO - Shutting down...
2025-04-08 14:48:59,927 - __main__ - INFO - Server stopped.
2025-04-08 14:48:59,950 - __main__ - INFO - Shutdown signal received, stopping server...
2025-04-08 14:48:59,950 - __main__ - INFO - Shutting down...
2025-04-08 14:48:59,950 - __main__ - INFO - Server stopped.
2025-04-08 14:48:59,979 - __main__ - INFO - Shutdown signal received, stopping server...
2025-04-08 14:48:59,980 - __main__ - INFO - Shutting down...
2025-04-08 14:48:59,980 - __main__ - INFO - Server stopped.
2025-04-08 14:49:00,010 - __main__ - INFO - Shutdown signal received, stopping server...
2025-04-08 14:49:00,010 - __main__ - INFO - Shutting down...
2025-04-08 14:49:00,010 - __main__ - INFO - Server stopped.
2025-04-08 14:49:00,039 - __main__ - INFO - Shutdown signal received, stopping server...
2025-04-08 14:49:00,040 - __main__ - INFO - Shutting down...
2025-04-08 14:49:00,040 - __main__ - INFO - Server stopped.
2025-04-08 14:49:00,069 - __main__ - INFO - Shutdown signal received, stopping server...
2025-04-08 14:49:00,069 - __main__ - INFO - Shutting down...
2025-04-08 14:49:00,069 - __main__ - INFO - Server stopped.
2025-04-08 14:49:00,100 - __main__ - INFO - Shutdown signal received, stopping server...
2025-04-08 14:49:00,100 - __main__ - INFO - Shutting down...
2025-04-08 14:49:00,100 - __main__ - INFO - Server stopped.
2025-04-08 14:49:00,130 - __main__ - INFO - Shutdown signal received, stopping server...
2025-04-08 14:49:00,130 - __main__ - INFO - Shutting down...
2025-04-08 14:49:00,130 - __main__ - INFO - Server stopped.
2025-04-08 14:49:00,160 - __main__ - INFO - Shutdown signal received, stopping server...
2025-04-08 14:49:00,160 - __main__ - INFO - Shutting down...
2025-04-08 14:49:00,160 - __main__ - INFO - Server stopped.
2025-04-08 14:49:00,189 - __main__ - INFO - Shutdown signal received, stopping server...
2025-04-08 14:49:00,189 - __main__ - INFO - Shutting down...
2025-04-08 14:49:00,189 - __main__ - INFO - Server stopped.
2025-04-08 14:49:00,223 - __main__ - INFO - Shutdown signal received, stopping server...
2025-04-08 14:49:00,223 - __main__ - INFO - Shutting down...
2025-04-08 14:49:00,223 - __main__ - INFO - Server stopped.
2025-04-08 14:49:00,256 - __main__ - INFO - Shutdown signal received, stopping server...
2025-04-08 14:49:00,256 - __main__ - INFO - Shutting down...
2025-04-08 14:49:00,256 - __main__ - INFO - Server stopped.
2025-04-08 14:49:00,291 - __main__ - INFO - Shutdown signal received, stopping server...
2025-04-08 14:49:00,292 - __main__ - INFO - Shutting down...
2025-04-08 14:49:00,292 - __main__ - INFO - Server stopped.
2025-04-08 14:49:00,309 - __main__ - INFO - Shutdown signal received, stopping server...
2025-04-08 14:49:00,309 - __main__ - INFO - Shutting down...
2025-04-08 14:49:00,310 - __main__ - INFO - Server stopped.
2025-04-08 14:49:00,339 - __main__ - INFO - Shutdown signal received, stopping server...
2025-04-08 14:49:00,339 - __main__ - INFO - Shutting down...
2025-04-08 14:49:00,340 - __main__ - INFO - Server stopped.
2025-04-08 14:49:00,371 - __main__ - INFO - Shutdown signal received, stopping server...
2025-04-08 14:49:00,371 - __main__ - INFO - Shutting down...
2025-04-08 14:49:00,371 - __main__ - INFO - Server stopped.
2025-04-08 14:49:00,400 - __main__ - INFO - Shutdown signal received, stopping server...
2025-04-08 14:49:00,400 - __main__ - INFO - Shutting down...
2025-04-08 14:49:00,400 - __main__ - INFO - Server stopped.
2025-04-08 14:49:00,429 - __main__ - INFO - Shutdown signal received, stopping server...
2025-04-08 14:49:00,429 - __main__ - INFO - Shutting down...
2025-04-08 14:49:00,429 - __main__ - INFO - Server stopped.
2025-04-08 14:49:09,170 - __main__ - INFO - Shutdown signal received, stopping server...
2025-04-08 14:49:09,170 - __main__ - INFO - Shutting down...
2025-04-08 14:49:09,171 - __main__ - INFO - Server stopped.
2025-04-08 14:49:09,653 - __main__ - INFO - Shutdown signal received, stopping server...
2025-04-08 14:49:09,654 - __main__ - INFO - Shutting down...
2025-04-08 14:49:09,654 - __main__ - INFO - Server stopped.
2025-04-08 14:49:10,154 - __main__ - INFO - Shutdown signal received, stopping server...
2025-04-08 14:49:10,154 - __main__ - INFO - Shutting down...
2025-04-08 14:49:10,154 - __main__ - INFO - Server stopped.
2025-04-08 14:49:10,183 - __main__ - INFO - Shutdown signal received, stopping server...
2025-04-08 14:49:10,184 - __main__ - INFO - Shutting down...
2025-04-08 14:49:10,184 - __main__ - INFO - Server stopped.
2025-04-08 14:49:10,218 - __main__ - INFO - Shutdown signal received, stopping server...
2025-04-08 14:49:10,218 - __main__ - INFO - Shutting down...
2025-04-08 14:49:10,219 - __main__ - INFO - Server stopped.
2025-04-08 14:49:10,253 - __main__ - INFO - Shutdown signal received, stopping server...
2025-04-08 14:49:10,254 - __main__ - INFO - Shutting down...
2025-04-08 14:49:10,254 - __main__ - INFO - Server stopped.
2025-04-08 14:49:10,275 - __main__ - INFO - Shutdown signal received, stopping server...
2025-04-08 14:49:10,276 - __main__ - INFO - Shutting down...
2025-04-08 14:49:10,276 - __main__ - INFO - Server stopped.
2025-04-08 14:49:10,304 - __main__ - INFO - Shutdown signal received, stopping server...
2025-04-08 14:49:10,304 - __main__ - INFO - Shutting down...
2025-04-08 14:49:10,304 - __main__ - INFO - Server stopped.
2025-04-08 14:49:10,334 - __main__ - INFO - Shutdown signal received, stopping server...
2025-04-08 14:49:10,335 - __main__ - INFO - Shutting down...
2025-04-08 14:49:10,335 - __main__ - INFO - Server stopped.
2025-04-08 14:49:10,364 - __main__ - INFO - Shutdown signal received, stopping server...
2025-04-08 14:49:10,364 - __main__ - INFO - Shutting down...
2025-04-08 14:49:10,364 - __main__ - INFO - Server stopped.
2025-04-08 14:49:10,393 - __main__ - INFO - Shutdown signal received, stopping server...
2025-04-08 14:49:10,394 - __main__ - INFO - Shutting down...
2025-04-08 14:49:10,394 - __main__ - INFO - Server stopped.
2025-04-08 14:49:10,423 - __main__ - INFO - Shutdown signal received, stopping server...
2025-04-08 14:49:10,423 - __main__ - INFO - Shutting down...
2025-04-08 14:49:10,424 - __main__ - INFO - Server stopped.
2025-04-08 14:49:10,454 - __main__ - INFO - Shutdown signal received, stopping server...
2025-04-08 14:49:10,454 - __main__ - INFO - Shutting down...
2025-04-08 14:49:10,454 - __main__ - INFO - Server stopped.
2025-04-08 14:49:10,485 - __main__ - INFO - Shutdown signal received, stopping server...
2025-04-08 14:49:10,485 - __main__ - INFO - Shutting down...
2025-04-08 14:49:10,485 - __main__ - INFO - Server stopped.
2025-04-08 14:49:10,514 - __main__ - INFO - Shutdown signal received, stopping server...
2025-04-08 14:49:10,515 - __main__ - INFO - Shutting down...
2025-04-08 14:49:10,515 - __main__ - INFO - Server stopped.
2025-04-08 14:49:10,545 - __main__ - INFO - Shutdown signal received, stopping server...
2025-04-08 14:49:10,545 - __main__ - INFO - Shutting down...
2025-04-08 14:49:10,545 - __main__ - INFO - Server stopped.
2025-04-08 14:49:10,581 - __main__ - INFO - Shutdown signal received, stopping server...
2025-04-08 14:49:10,581 - __main__ - INFO - Shutting down...
2025-04-08 14:49:10,582 - __main__ - INFO - Server stopped.
2025-04-08 14:49:10,609 - __main__ - INFO - Shutdown signal received, stopping server...
2025-04-08 14:49:10,610 - __main__ - INFO - Shutting down...
2025-04-08 14:49:10,610 - __main__ - INFO - Server stopped.
2025-04-08 14:49:10,635 - __main__ - INFO - Shutdown signal received, stopping server...
2025-04-08 14:49:10,636 - __main__ - INFO - Shutting down...
2025-04-08 14:49:10,636 - __main__ - INFO - Server stopped.
2025-04-08 14:49:10,664 - __main__ - INFO - Shutdown signal received, stopping server...
2025-04-08 14:49:10,664 - __main__ - INFO - Shutting down...
2025-04-08 14:49:10,665 - __main__ - INFO - Server stopped.
2025-04-08 14:49:10,695 - __main__ - INFO - Shutdown signal received, stopping server...
2025-04-08 14:49:10,695 - __main__ - INFO - Shutting down...
2025-04-08 14:49:10,695 - __main__ - INFO - Server stopped.
2025-04-08 14:49:10,724 - __main__ - INFO - Shutdown signal received, stopping server...
2025-04-08 14:49:10,724 - __main__ - INFO - Shutting down...
2025-04-08 14:49:10,724 - __main__ - INFO - Server stopped.
2025-04-08 14:49:10,754 - __main__ - INFO - Shutdown signal received, stopping server...
2025-04-08 14:49:10,754 - __main__ - INFO - Shutting down...
2025-04-08 14:49:10,754 - __main__ - INFO - Server stopped.
2025-04-08 14:49:10,784 - __main__ - INFO - Shutdown signal received, stopping server...
2025-04-08 14:49:10,784 - __main__ - INFO - Shutting down...
2025-04-08 14:49:10,784 - __main__ - INFO - Server stopped.
2025-04-08 14:49:10,813 - __main__ - INFO - Shutdown signal received, stopping server...
2025-04-08 14:49:10,814 - __main__ - INFO - Shutting down...
2025-04-08 14:49:10,814 - __main__ - INFO - Server stopped.
2025-04-08 14:49:10,843 - __main__ - INFO - Shutdown signal received, stopping server...
2025-04-08 14:49:10,844 - __main__ - INFO - Shutting down...
2025-04-08 14:49:10,844 - __main__ - INFO - Server stopped.
2025-04-08 14:49:10,874 - __main__ - INFO - Shutdown signal received, stopping server...
2025-04-08 14:49:10,874 - __main__ - INFO - Shutting down...
2025-04-08 14:49:10,874 - __main__ - INFO - Server stopped.
2025-04-08 14:49:10,906 - __main__ - INFO - Shutdown signal received, stopping server...
2025-04-08 14:49:10,906 - __main__ - INFO - Shutting down...
2025-04-08 14:49:10,906 - __main__ - INFO - Server stopped.
2025-04-08 14:49:10,936 - __main__ - INFO - Shutdown signal received, stopping server...
2025-04-08 14:49:10,936 - __main__ - INFO - Shutting down...
2025-04-08 14:49:10,937 - __main__ - INFO - Server stopped.
2025-04-08 14:49:10,967 - __main__ - INFO - Shutdown signal received, stopping server...
2025-04-08 14:49:10,967 - __main__ - INFO - Shutting down...
2025-04-08 14:49:10,967 - __main__ - INFO - Server stopped.
2025-04-08 14:49:11,000 - __main__ - INFO - Shutdown signal received, stopping server...
2025-04-08 14:49:11,000 - __main__ - INFO - Shutting down...
2025-04-08 14:49:11,000 - __main__ - INFO - Server stopped.
2025-04-08 14:49:11,029 - __main__ - INFO - Shutdown signal received, stopping server...
2025-04-08 14:49:11,029 - __main__ - INFO - Shutting down...
2025-04-08 14:49:11,029 - __main__ - INFO - Server stopped.
2025-04-08 14:49:11,053 - __main__ - INFO - Shutdown signal received, stopping server...
2025-04-08 14:49:11,054 - __main__ - INFO - Shutting down...
2025-04-08 14:49:11,054 - __main__ - INFO - Server stopped.
2025-04-08 14:49:11,084 - __main__ - INFO - Shutdown signal received, stopping server...
2025-04-08 14:49:11,084 - __main__ - INFO - Shutting down...
2025-04-08 14:49:11,084 - __main__ - INFO - Server stopped.
2025-04-08 14:49:11,114 - __main__ - INFO - Shutdown signal received, stopping server...
2025-04-08 14:49:11,114 - __main__ - INFO - Shutting down...
2025-04-08 14:49:11,114 - __main__ - INFO - Server stopped.
2025-04-08 14:49:11,144 - __main__ - INFO - Shutdown signal received, stopping server...
2025-04-08 14:49:11,144 - __main__ - INFO - Shutting down...
2025-04-08 14:49:11,144 - __main__ - INFO - Server stopped.
2025-04-08 14:49:11,174 - __main__ - INFO - Shutdown signal received, stopping server...
2025-04-08 14:49:11,174 - __main__ - INFO - Shutting down...
2025-04-08 14:49:11,174 - __main__ - INFO - Server stopped.
2025-04-08 14:49:11,204 - __main__ - INFO - Shutdown signal received, stopping server...
2025-04-08 14:49:11,204 - __main__ - INFO - Shutting down...
2025-04-08 14:49:11,204 - __main__ - INFO - Server stopped.
2025-04-08 14:49:11,235 - __main__ - INFO - Shutdown signal received, stopping server...
2025-04-08 14:49:11,235 - __main__ - INFO - Shutting down...
2025-04-08 14:49:11,235 - __main__ - INFO - Server stopped.
2025-04-08 14:49:11,264 - __main__ - INFO - Shutdown signal received, stopping server...
2025-04-08 14:49:11,264 - __main__ - INFO - Shutting down...
2025-04-08 14:49:11,264 - __main__ - INFO - Server stopped.
2025-04-08 14:58:36,997 - __main__ - INFO - Starting Modbus server on localhost:5020
2025-04-08 14:58:37,001 - pymodbus.logging - INFO - Server listening.
2025-04-08 14:58:40,923 - __main__ - INFO - Shutdown signal received, stopping server...
2025-04-08 14:59:03,525 - __main__ - INFO - Shutdown signal received, stopping server...
2025-04-08 14:59:04,026 - __main__ - INFO - Shutdown signal received, stopping server...
2025-04-08 14:59:04,064 - __main__ - INFO - Shutdown signal received, stopping server...
2025-04-08 14:59:04,093 - __main__ - INFO - Shutdown signal received, stopping server...
2025-04-08 14:59:04,124 - __main__ - INFO - Shutdown signal received, stopping server...
2025-04-08 14:59:04,146 - __main__ - INFO - Shutdown signal received, stopping server...
2025-04-08 14:59:04,177 - __main__ - INFO - Shutdown signal received, stopping server...
2025-04-08 14:59:04,206 - __main__ - INFO - Shutdown signal received, stopping server...
2025-04-08 14:59:04,235 - __main__ - INFO - Shutdown signal received, stopping server...
2025-04-08 14:59:04,269 - __main__ - INFO - Shutdown signal received, stopping server...
2025-04-08 14:59:04,296 - __main__ - INFO - Shutdown signal received, stopping server...
2025-04-08 14:59:04,327 - __main__ - INFO - Shutdown signal received, stopping server...
2025-04-08 14:59:04,357 - __main__ - INFO - Shutdown signal received, stopping server...
2025-04-08 14:59:04,387 - __main__ - INFO - Shutdown signal received, stopping server...
2025-04-08 14:59:04,418 - __main__ - INFO - Shutdown signal received, stopping server...
2025-04-08 14:59:04,449 - __main__ - INFO - Shutdown signal received, stopping server...
